This is pdfTeX, Version 3.14159265-2.6-1.40.19 (TeX Live 2019/dev/Debian) (preloaded format=pdflatex 2023.10.3)  10 OCT 2023 10:49
entering extended mode
 restricted \write18 enabled.
 %&-line parsing enabled.
**capa_main_boletim.tex
(./capa_main_boletim.tex
LaTeX2e <2018-12-01>
! Undefined control sequence.
l.2 \tipo
         {BOLETIM SISMOLÓGICO}
The control sequence at the end of the top line
of your error message was never \def'ed. If you have
misspelled it (e.g., `\hobx'), type `I' and the correct
spelling (e.g., `I\hbox'). Otherwise just continue,
and I'll forget about whatever was undefined.


! LaTeX Error: Missing \begin{document}.

See the LaTeX manual or LaTeX Companion for explanation.
Type  H <return>  for immediate help.
 ...                                              
                                                  
l.2 \tipo{B
           OLETIM SISMOLÓGICO}
You're in trouble here.  Try typing  <return>  to proceed.
If that doesn't work, type  X <return>  to quit.

Missing character: There is no B in font nullfont!
Missing character: There is no O in font nullfont!
Missing character: There is no L in font nullfont!
Missing character: There is no E in font nullfont!
Missing character: There is no T in font nullfont!
Missing character: There is no I in font nullfont!
Missing character: There is no M in font nullfont!
Missing character: There is no S in font nullfont!
Missing character: There is no I in font nullfont!
Missing character: There is no S in font nullfont!
Missing character: There is no M in font nullfont!
Missing character: There is no O in font nullfont!
Missing character: There is no L in font nullfont!
LaTeX Font Info:    Try loading font information for +cmr on input line 2.
LaTeX Font Info:    No file cmr.fd. on input line 2.

LaTeX Font Warning: Font shape `/cmr/m/n' undefined
(Font)              using `/cmr/m/n' instead on input line 2.

! Corrupted NFSS tables.
wrong@fontshape ...message {Corrupted NFSS tables}
                                                  error@fontshape else let f...
l.2 \tipo{BOLETIM SISMOLÓ
                          GICO}
This error message was generated by an \errmessage
command, so I can't give any explicit help.
Pretend that you're Hercule Poirot: Examine all clues,
and deduce the truth by order and method.


LaTeX Font Warning: Font shape `/cmr/m/n' undefined
(Font)              using `OT1/cmr/m/n' instead on input line 2.

Missing character: There is no G in font nullfont!
Missing character: There is no I in font nullfont!
Missing character: There is no C in font nullfont!
Missing character: There is no O in font nullfont!
! Undefined control sequence.
l.3 \data
         {2023}
The control sequence at the end of the top line
of your error message was never \def'ed. If you have
misspelled it (e.g., `\hobx'), type `I' and the correct
spelling (e.g., `I\hbox'). Otherwise just continue,
and I'll forget about whatever was undefined.

Missing character: There is no 2 in font nullfont!
Missing character: There is no 0 in font nullfont!
Missing character: There is no 2 in font nullfont!
Missing character: There is no 3 in font nullfont!
! Undefined control sequence.
l.4 \titulo
           {\textbf{RSIS - Rede Sismológica Itá/Machadinho} \\
The control sequence at the end of the top line
of your error message was never \def'ed. If you have
misspelled it (e.g., `\hobx'), type `I' and the correct
spelling (e.g., `I\hbox'). Otherwise just continue,
and I'll forget about whatever was undefined.

LaTeX Font Info:    External font `cmex10' loaded for size
(Font)              <7> on input line 6.
LaTeX Font Info:    External font `cmex10' loaded for size
(Font)              <5> on input line 6.
! Undefined control sequence.
l.7 \unidade
            {Cidades Infraestruturas e Meio Ambiente}{CIMA}
The control sequence at the end of the top line
of your error message was never \def'ed. If you have
misspelled it (e.g., `\hobx'), type `I' and the correct
spelling (e.g., `I\hbox'). Otherwise just continue,
and I'll forget about whatever was undefined.

Missing character: There is no C in font nullfont!
Missing character: There is no i in font nullfont!
Missing character: There is no d in font nullfont!
Missing character: There is no a in font nullfont!
Missing character: There is no d in font nullfont!
Missing character: There is no e in font nullfont!
Missing character: There is no s in font nullfont!
Missing character: There is no I in font nullfont!
Missing character: There is no n in font nullfont!
Missing character: There is no f in font nullfont!
Missing character: There is no r in font nullfont!
Missing character: There is no a in font nullfont!
Missing character: There is no e in font nullfont!
Missing character: There is no s in font nullfont!
Missing character: There is no t in font nullfont!
Missing character: There is no r in font nullfont!
Missing character: There is no u in font nullfont!
Missing character: There is no t in font nullfont!
Missing character: There is no u in font nullfont!
Missing character: There is no r in font nullfont!
Missing character: There is no a in font nullfont!
Missing character: There is no s in font nullfont!
Missing character: There is no e in font nullfont!
Missing character: There is no M in font nullfont!
Missing character: There is no e in font nullfont!
Missing character: There is no i in font nullfont!
Missing character: There is no o in font nullfont!
Missing character: There is no A in font nullfont!
Missing character: There is no m in font nullfont!
Missing character: There is no b in font nullfont!
Missing character: There is no i in font nullfont!
Missing character: There is no e in font nullfont!
Missing character: There is no n in font nullfont!
Missing character: There is no t in font nullfont!
Missing character: There is no e in font nullfont!
Missing character: There is no C in font nullfont!
Missing character: There is no I in font nullfont!
Missing character: There is no M in font nullfont!
Missing character: There is no A in font nullfont!
! Undefined control sequence.
l.8 \lab
        {Seção de Obras Civis - SOC}
The control sequence at the end of the top line
of your error message was never \def'ed. If you have
misspelled it (e.g., `\hobx'), type `I' and the correct
spelling (e.g., `I\hbox'). Otherwise just continue,
and I'll forget about whatever was undefined.

Missing character: There is no S in font nullfont!
Missing character: There is no e in font nullfont!
Missing character: There is no o in font nullfont!
Missing character: There is no d in font nullfont!
Missing character: There is no e in font nullfont!
Missing character: There is no O in font nullfont!
Missing character: There is no b in font nullfont!
Missing character: There is no r in font nullfont!
Missing character: There is no a in font nullfont!
Missing character: There is no s in font nullfont!
Missing character: There is no C in font nullfont!
Missing character: There is no i in font nullfont!
Missing character: There is no v in font nullfont!
Missing character: There is no i in font nullfont!
Missing character: There is no s in font nullfont!
Missing character: There is no - in font nullfont!
Missing character: There is no S in font nullfont!
Missing character: There is no O in font nullfont!
Missing character: There is no C in font nullfont!
! Undefined control sequence.
l.9 \periodo
            {MES/ANO}{MES/ANO}
The control sequence at the end of the top line
of your error message was never \def'ed. If you have
misspelled it (e.g., `\hobx'), type `I' and the correct
spelling (e.g., `I\hbox'). Otherwise just continue,
and I'll forget about whatever was undefined.

Missing character: There is no M in font nullfont!
Missing character: There is no E in font nullfont!
Missing character: There is no S in font nullfont!
Missing character: There is no / in font nullfont!
Missing character: There is no A in font nullfont!
Missing character: There is no N in font nullfont!
Missing character: There is no O in font nullfont!
Missing character: There is no M in font nullfont!
Missing character: There is no E in font nullfont!
Missing character: There is no S in font nullfont!
Missing character: There is no / in font nullfont!
Missing character: There is no A in font nullfont!
Missing character: There is no N in font nullfont!
Missing character: There is no O in font nullfont!

Overfull \hbox (20.0pt too wide) in paragraph at lines 2--10
[]
 []


Overfull \hbox (12.77782pt too wide) in paragraph at lines 2--10
\/cmr/m/n/10 ^^SO
 []


Overfull \hbox (25.76375pt too wide) in paragraph at lines 2--10
\OT1/cmr/bx/n/10 RSIS
 []


Overfull \hbox (3.83331pt too wide) in paragraph at lines 2--10
\OT1/cmr/bx/n/10 -
 []


Overfull \hbox (25.55544pt too wide) in paragraph at lines 2--10
\OT1/cmr/bx/n/10 Rede
 []


Overfull \hbox (17.95267pt too wide) in paragraph at lines 2--10
\OT1/cmr/bx/n/10 Sis-
 []


Overfull \hbox (43.92336pt too wide) in paragraph at lines 2--10
\OT1/cmr/bx/n/10 mol^^Sogica
 []


Overfull \hbox (81.562pt too wide) in paragraph at lines 2--10
\OT1/cmr/bx/n/10 It^^Sa/Machadinho 
 []


Overfull \hbox (63.36217pt too wide) in paragraph at lines 2--10
\OT1/cmr/bx/n/10 Reservat^^Sorio
 []


Overfull \hbox (25.39568pt too wide) in paragraph at lines 2--10
\OT1/cmr/bx/n/10 Salto
 []


Overfull \hbox (28.78455pt too wide) in paragraph at lines 2--10
\OT1/cmr/bx/n/10 Pil~ao,
 []


Overfull \hbox (15.01381pt too wide) in paragraph at lines 2--10
\OT1/cmr/bx/n/10 RS 
 []


Overfull \hbox (54.56914pt too wide) in paragraph at lines 2--10
\OT1/cmr/bx/n/10 BOLETIM
 []


Overfull \hbox (49.36084pt too wide) in paragraph at lines 2--10
\OT1/cmr/bx/n/10 S[]ISMICO
 []


Overfull \hbox (14.0305pt too wide) in paragraph at lines 2--10
\OT1/cmr/bx/n/10 N$[]$
 []


Overfull \hbox (32.58316pt too wide) in paragraph at lines 2--10
\OT1/cmr/bx/n/10 28/48-
 []


Overfull \hbox (22.99988pt too wide) in paragraph at lines 2--10
\OT1/cmr/bx/n/10 2024
 []


Overfull \hbox (30.82623pt too wide) in paragraph at lines 2--10
\OT1/cmr/bx/n/10 Set.23
 []


Overfull \hbox (9.44446pt too wide) in paragraph at lines 2--10
\/cmr/m/n/10 ^^Xc~a
 []

! Undefined control sequence.
l.12 \capa
          
The control sequence at the end of the top line
of your error message was never \def'ed. If you have
misspelled it (e.g., `\hobx'), type `I' and the correct
spelling (e.g., `I\hbox'). Otherwise just continue,
and I'll forget about whatever was undefined.

! Undefined control sequence.
<argument> \undefinedpagestyle 
                               
l.13 \pagestyle{timbrado}
                         
The control sequence at the end of the top line
of your error message was never \def'ed. If you have
misspelled it (e.g., `\hobx'), type `I' and the correct
spelling (e.g., `I\hbox'). Otherwise just continue,
and I'll forget about whatever was undefined.

! Undefined control sequence.
<argument> \undefinedpagestyle 
                               
l.17 \pagestyle{geral}
                      
The control sequence at the end of the top line
of your error message was never \def'ed. If you have
misspelled it (e.g., `\hobx'), type `I' and the correct
spelling (e.g., `I\hbox'). Otherwise just continue,
and I'll forget about whatever was undefined.

)
! Emergency stop.
<*> capa_main_boletim.tex
                         
*** (job aborted, no legal \end found)

 
Here is how much of TeX's memory you used:
 27 strings out of 494427
 386 string characters out of 6174076
 53104 words of memory out of 5000000
 3806 multiletter control sequences out of 15000+600000
 4258 words of font info for 16 fonts, out of 8000000 for 9000
 83 hyphenation exceptions out of 8191
 22i,4n,16p,100b,145s stack positions out of 5000i,500n,10000p,200000b,80000s
!  ==> Fatal error occurred, no output PDF file produced!
