\BOOKMARK [1][-]{section.1}{AGENDA}{}% 1
\BOOKMARK [1][-]{section.2}{INTRODU\307\303O}{}% 2
\BOOKMARK [1][-]{section.3}{PROGRAMAS\040e\040LINKS}{}% 3
\BOOKMARK [2][-]{subsection.3.1}{Distribui\347\365es\040e\040documenta\347\343o\040LaTeX}{section.3}% 4
\BOOKMARK [2][-]{subsection.3.2}{Editor}{section.3}% 5
\BOOKMARK [2][-]{subsection.3.3}{Arquivo\040de\040classe\040IPTeX}{section.3}% 6
\BOOKMARK [1][-]{section.4}{ESTRUTURA}{}% 7
\BOOKMARK [1][-]{section.5}{SE\307\325ES\040E\040SUBSE\307\325ES}{}% 8
\BOOKMARK [1][-]{section.6}{PRIMEIRO\040N\315VEL}{}% 9
\BOOKMARK [2][-]{subsection.6.1}{Segundo\040n\355vel}{section.6}% 10
\BOOKMARK [3][-]{subsubsection.6.1.1}{Terceiro\040n\355vel}{subsection.6.1}% 11
\BOOKMARK [4][-]{paragraph.6.1.1.1}{Quarto\040n\355vel}{subsubsection.6.1.1}% 12
\BOOKMARK [1][-]{section.7}{REFER\312NCIAS\040INTERNAS}{}% 13
\BOOKMARK [1][-]{section.8}{LISTAS}{}% 14
\BOOKMARK [2][-]{subsection.8.1}{Listas\040n\343o\040ordenadas}{section.8}% 15
\BOOKMARK [2][-]{subsection.8.2}{enumerate}{section.8}% 16
\BOOKMARK [1][-]{section.9}{FLOATS}{}% 17
\BOOKMARK [2][-]{subsection.9.1}{Figuras}{section.9}% 18
\BOOKMARK [2][-]{subsection.9.2}{Tabelas}{section.9}% 19
\BOOKMARK [1][-]{section.10}{F\363rmulas}{}% 20
\BOOKMARK [2][-]{subsection.10.1}{F\363rmulas\040qu\355micas}{section.10}% 21
\BOOKMARK [1][-]{section.11}{REFER\312NCIAS\040BIBLIOGR\301FICAS}{}% 22
\BOOKMARK [1][-]{section.12}{APLICA\307\303O\040DA\040CLASSE\040IPTEX}{}% 23
