This is pdfTeX, Version 3.141592653-2.6-1.40.24 (TeX Live 2022/Debian) (preloaded format=pdflatex 2023.9.18)  6 NOV 2023 13:07
entering extended mode
 restricted \write18 enabled.
 %&-line parsing enabled.
**/home/ipt/projetos/ipt-latex/tex/ita_boletim.tex
(/home/ipt/projetos/ipt-latex/tex/ita_boletim.tex
LaTeX2e <2022-11-01> patch level 1
L3 programming layer <2023-01-16>

! LaTeX Error: File `iptex.cls' not found.

Type X to quit or <RETURN> to proceed,
or enter new name. (Default extension: cls)

Enter file name: 
! Emergency stop.
<read *> 
         
l.4 \usepackage
               [main=brazil,english]{babel}^^M
End of file on the terminal!

 
Here is how much of TeX's memory you used:
 26 strings out of 476091
 685 string characters out of 5794081
 1849330 words of memory out of 5000000
 20504 multiletter control sequences out of 15000+600000
 512287 words of font info for 32 fonts, out of 8000000 for 9000
 1141 hyphenation exceptions out of 8191
 19i,0n,29p,122b,17s stack positions out of 10000i,1000n,20000p,200000b,200000s
!  ==> Fatal error occurred, no output PDF file produced!
