This is pdfTeX, Version 3.14159265-2.6-1.40.19 (TeX Live 2019/dev/Debian) (preloaded format=pdflatex 2023.8.8)  11 AUG 2023 17:44
entering extended mode
 restricted \write18 enabled.
 %&-line parsing enabled.
**bs_uhmc.tex
(./bs_uhmc.tex
LaTeX2e <2018-12-01>
(/usr/share/texlive/texmf-dist/tex/latex/base/article.cls
Document Class: article 2018/09/03 v1.4i Standard LaTeX document class
(/usr/share/texlive/texmf-dist/tex/latex/base/size10.clo
File: size10.clo 2018/09/03 v1.4i Standard LaTeX file (size option)
)
\c@part=\count80
\c@section=\count81
\c@subsection=\count82
\c@subsubsection=\count83
\c@paragraph=\count84
\c@subparagraph=\count85
\c@figure=\count86
\c@table=\count87
\abovecaptionskip=\skip41
\belowcaptionskip=\skip42
\bibindent=\dimen102
)
(/usr/share/texlive/texmf-dist/tex/latex/graphics/graphicx.sty
Package: graphicx 2017/06/01 v1.1a Enhanced LaTeX Graphics (DPC,SPQR)

(/usr/share/texlive/texmf-dist/tex/latex/graphics/keyval.sty
Package: keyval 2014/10/28 v1.15 key=value parser (DPC)
\KV@toks@=\toks14
)
(/usr/share/texlive/texmf-dist/tex/latex/graphics/graphics.sty
Package: graphics 2017/06/25 v1.2c Standard LaTeX Graphics (DPC,SPQR)

(/usr/share/texlive/texmf-dist/tex/latex/graphics/trig.sty
Package: trig 2016/01/03 v1.10 sin cos tan (DPC)
)
(/usr/share/texlive/texmf-dist/tex/latex/graphics-cfg/graphics.cfg
File: graphics.cfg 2016/06/04 v1.11 sample graphics configuration
)
Package graphics Info: Driver file: pdftex.def on input line 99.

(/usr/share/texlive/texmf-dist/tex/latex/graphics-def/pdftex.def
File: pdftex.def 2018/01/08 v1.0l Graphics/color driver for pdftex
))
\Gin@req@height=\dimen103
\Gin@req@width=\dimen104
)
(/usr/share/texlive/texmf-dist/tex/latex/lipsum/lipsum.sty
(/usr/share/texlive/texmf-dist/tex/latex/l3kernel/expl3.sty
Package: expl3 2019-02-15 L3 programming layer (loader) 

(/usr/share/texlive/texmf-dist/tex/latex/l3kernel/expl3-code.tex
Package: expl3 2019-02-15 L3 programming layer (code)
\c_max_int=\count88
\l_tmpa_int=\count89
\l_tmpb_int=\count90
\g_tmpa_int=\count91
\g_tmpb_int=\count92
\g__kernel_prg_map_int=\count93
\c_log_iow=\count94
\l_iow_line_count_int=\count95
\l__iow_line_target_int=\count96
\l__iow_one_indent_int=\count97
\l__iow_indent_int=\count98
\c_zero_dim=\dimen105
\c_max_dim=\dimen106
\l_tmpa_dim=\dimen107
\l_tmpb_dim=\dimen108
\g_tmpa_dim=\dimen109
\g_tmpb_dim=\dimen110
\c_zero_skip=\skip43
\c_max_skip=\skip44
\l_tmpa_skip=\skip45
\l_tmpb_skip=\skip46
\g_tmpa_skip=\skip47
\g_tmpb_skip=\skip48
\c_zero_muskip=\muskip10
\c_max_muskip=\muskip11
\l_tmpa_muskip=\muskip12
\l_tmpb_muskip=\muskip13
\g_tmpa_muskip=\muskip14
\g_tmpb_muskip=\muskip15
\l_keys_choice_int=\count99
\l__intarray_loop_int=\count100
\c__intarray_sp_dim=\dimen111
\g__intarray_font_int=\count101
\c__fp_leading_shift_int=\count102
\c__fp_middle_shift_int=\count103
\c__fp_trailing_shift_int=\count104
\c__fp_big_leading_shift_int=\count105
\c__fp_big_middle_shift_int=\count106
\c__fp_big_trailing_shift_int=\count107
\c__fp_Bigg_leading_shift_int=\count108
\c__fp_Bigg_middle_shift_int=\count109
\c__fp_Bigg_trailing_shift_int=\count110
\c__kernel_randint_max_int=\count111
\g__fp_array_int=\count112
\l__fp_array_loop_int=\count113
\l__sort_length_int=\count114
\l__sort_min_int=\count115
\l__sort_top_int=\count116
\l__sort_max_int=\count117
\l__sort_true_max_int=\count118
\l__sort_block_int=\count119
\l__sort_begin_int=\count120
\l__sort_end_int=\count121
\l__sort_A_int=\count122
\l__sort_B_int=\count123
\l__sort_C_int=\count124
\l__tl_analysis_normal_int=\count125
\l__tl_analysis_index_int=\count126
\l__tl_analysis_nesting_int=\count127
\l__tl_analysis_type_int=\count128
\l__regex_internal_a_int=\count129
\l__regex_internal_b_int=\count130
\l__regex_internal_c_int=\count131
\l__regex_balance_int=\count132
\l__regex_group_level_int=\count133
\l__regex_mode_int=\count134
\c__regex_cs_in_class_mode_int=\count135
\c__regex_cs_mode_int=\count136
\l__regex_catcodes_int=\count137
\l__regex_default_catcodes_int=\count138
\c__regex_catcode_D_int=\count139
\c__regex_catcode_S_int=\count140
\c__regex_catcode_L_int=\count141
\c__regex_catcode_O_int=\count142
\c__regex_catcode_A_int=\count143
\c__regex_all_catcodes_int=\count144
\l__regex_show_lines_int=\count145
\l__regex_min_state_int=\count146
\l__regex_max_state_int=\count147
\l__regex_left_state_int=\count148
\l__regex_right_state_int=\count149
\l__regex_capturing_group_int=\count150
\l__regex_min_pos_int=\count151
\l__regex_max_pos_int=\count152
\l__regex_curr_pos_int=\count153
\l__regex_start_pos_int=\count154
\l__regex_success_pos_int=\count155
\l__regex_curr_char_int=\count156
\l__regex_curr_catcode_int=\count157
\l__regex_last_char_int=\count158
\l__regex_case_changed_char_int=\count159
\l__regex_curr_state_int=\count160
\l__regex_step_int=\count161
\l__regex_min_active_int=\count162
\l__regex_max_active_int=\count163
\l__regex_replacement_csnames_int=\count164
\l__regex_match_count_int=\count165
\l__regex_min_submatch_int=\count166
\l__regex_submatch_int=\count167
\l__regex_zeroth_submatch_int=\count168
\g__regex_trace_regex_int=\count169
\c_empty_box=\box27
\l_tmpa_box=\box28
\l_tmpb_box=\box29
\g_tmpa_box=\box30
\g_tmpb_box=\box31
\l__box_top_dim=\dimen112
\l__box_bottom_dim=\dimen113
\l__box_left_dim=\dimen114
\l__box_right_dim=\dimen115
\l__box_top_new_dim=\dimen116
\l__box_bottom_new_dim=\dimen117
\l__box_left_new_dim=\dimen118
\l__box_right_new_dim=\dimen119
\l__box_internal_box=\box32
\l__coffin_internal_box=\box33
\l__coffin_internal_dim=\dimen120
\l__coffin_offset_x_dim=\dimen121
\l__coffin_offset_y_dim=\dimen122
\l__coffin_x_dim=\dimen123
\l__coffin_y_dim=\dimen124
\l__coffin_x_prime_dim=\dimen125
\l__coffin_y_prime_dim=\dimen126
\c_empty_coffin=\box34
\l__coffin_aligned_coffin=\box35
\l__coffin_aligned_internal_coffin=\box36
\l_tmpa_coffin=\box37
\l_tmpb_coffin=\box38
\g_tmpa_coffin=\box39
\g_tmpb_coffin=\box40
\c__coffin_empty_coffin=\box41
\l__coffin_display_coffin=\box42
\l__coffin_display_coord_coffin=\box43
\l__coffin_display_pole_coffin=\box44
\l__coffin_display_offset_dim=\dimen127
\l__coffin_display_x_dim=\dimen128
\l__coffin_display_y_dim=\dimen129
\g__file_internal_ior=\read1
\l__coffin_bounding_shift_dim=\dimen130
\l__coffin_left_corner_dim=\dimen131
\l__coffin_right_corner_dim=\dimen132
\l__coffin_bottom_corner_dim=\dimen133
\l__coffin_top_corner_dim=\dimen134
\l__coffin_scaled_total_height_dim=\dimen135
\l__coffin_scaled_width_dim=\dimen136
\l__seq_internal_a_int=\count170
\l__seq_internal_b_int=\count171
)
(/usr/share/texlive/texmf-dist/tex/latex/l3kernel/l3pdfmode.def
File: l3pdfmode.def 2019-02-15 v L3 Experimental driver: PDF mode
\l__driver_color_stack_int=\count172
))
(/usr/share/texlive/texmf-dist/tex/latex/l3packages/xparse/xparse.sty
Package: xparse 2018-10-17 L3 Experimental document command parser
\l__xparse_current_arg_int=\count173
\g__xparse_grabber_int=\count174
\l__xparse_m_args_int=\count175
\l__xparse_mandatory_args_int=\count176
\l__xparse_v_nesting_int=\count177
)
Package: lipsum 2019/01/02 v2.2 150 paragraphs of Lorem Ipsum dummy text

(/usr/share/texlive/texmf-dist/tex/latex/lipsum/lipsum.ltd.tex
File: lipsum.ltd.tex 2019/01/02 v2.2 The Lorem ipsum dummy text
))
(/usr/share/texlive/texmf-dist/tex/latex/fancyhdr/fancyhdr.sty
Package: fancyhdr 2019/01/31 v3.10 Extensive control of page headers and footer
s
\f@nch@headwidth=\skip49
\f@nch@O@elh=\skip50
\f@nch@O@erh=\skip51
\f@nch@O@olh=\skip52
\f@nch@O@orh=\skip53
\f@nch@O@elf=\skip54
\f@nch@O@erf=\skip55
\f@nch@O@olf=\skip56
\f@nch@O@orf=\skip57
)
(/usr/share/texlive/texmf-dist/tex/latex/lastpage/lastpage.sty
Package: lastpage 2015/03/29 v1.2m Refers to last page's name (HMM; JPG)
)
(/usr/share/texlive/texmf-dist/tex/latex/titlesec/titlesec.sty
Package: titlesec 2016/03/21 v2.10.2 Sectioning titles
\ttl@box=\box45
\beforetitleunit=\skip58
\aftertitleunit=\skip59
\ttl@plus=\dimen137
\ttl@minus=\dimen138
\ttl@toksa=\toks15
\titlewidth=\dimen139
\titlewidthlast=\dimen140
\titlewidthfirst=\dimen141
)
(/usr/share/texlive/texmf-dist/tex/latex/csvsimple/csvsimple.sty
Package: csvsimple 2016/07/01 version 1.20 LaTeX CSV file processing

(/usr/share/texlive/texmf-dist/tex/latex/pgf/utilities/pgfkeys.sty
(/usr/share/texlive/texmf-dist/tex/generic/pgf/utilities/pgfkeys.code.tex
\pgfkeys@pathtoks=\toks16
\pgfkeys@temptoks=\toks17

(/usr/share/texlive/texmf-dist/tex/generic/pgf/utilities/pgfkeysfiltered.code.t
ex
\pgfkeys@tmptoks=\toks18
))) (/usr/share/texlive/texmf-dist/tex/latex/base/ifthen.sty
Package: ifthen 2014/09/29 v1.1c Standard LaTeX ifthen package (DPC)
)
(/usr/share/texlive/texmf-dist/tex/latex/etoolbox/etoolbox.sty
Package: etoolbox 2018/08/19 v2.5f e-TeX tools for LaTeX (JAW)
\etb@tempcnta=\count178
)
(/usr/share/texlive/texmf-dist/tex/latex/tools/shellesc.sty
Package: shellesc 2016/06/07 v0.02a unified shell escape interface for LaTeX
Package shellesc Info: Restricted shell escape enabled on input line 69.
)
\csv@file=\read2
\c@csvinputline=\count179
\c@csvrow=\count180
\c@csvcol=\count181
\csv@out=\write3
) (./bs_uhmc.aux)
\openout1 = `bs_uhmc.aux'.

LaTeX Font Info:    Checking defaults for OML/cmm/m/it on input line 30.
LaTeX Font Info:    ... okay on input line 30.
LaTeX Font Info:    Checking defaults for T1/cmr/m/n on input line 30.
LaTeX Font Info:    ... okay on input line 30.
LaTeX Font Info:    Checking defaults for OT1/cmr/m/n on input line 30.
LaTeX Font Info:    ... okay on input line 30.
LaTeX Font Info:    Checking defaults for OMS/cmsy/m/n on input line 30.
LaTeX Font Info:    ... okay on input line 30.
LaTeX Font Info:    Checking defaults for OMX/cmex/m/n on input line 30.
LaTeX Font Info:    ... okay on input line 30.
LaTeX Font Info:    Checking defaults for U/cmr/m/n on input line 30.
LaTeX Font Info:    ... okay on input line 30.

(/usr/share/texlive/texmf-dist/tex/context/base/mkii/supp-pdf.mkii
[Loading MPS to PDF converter (version 2006.09.02).]
\scratchcounter=\count182
\scratchdimen=\dimen142
\scratchbox=\box46
\nofMPsegments=\count183
\nofMParguments=\count184
\everyMPshowfont=\toks19
\MPscratchCnt=\count185
\MPscratchDim=\dimen143
\MPnumerator=\count186
\makeMPintoPDFobject=\count187
\everyMPtoPDFconversion=\toks20
) (/usr/share/texlive/texmf-dist/tex/latex/oberdiek/epstopdf-base.sty
Package: epstopdf-base 2016/05/15 v2.6 Base part for package epstopdf

(/usr/share/texlive/texmf-dist/tex/generic/oberdiek/infwarerr.sty
Package: infwarerr 2016/05/16 v1.4 Providing info/warning/error messages (HO)
)
(/usr/share/texlive/texmf-dist/tex/latex/oberdiek/grfext.sty
Package: grfext 2016/05/16 v1.2 Manage graphics extensions (HO)

(/usr/share/texlive/texmf-dist/tex/generic/oberdiek/kvdefinekeys.sty
Package: kvdefinekeys 2016/05/16 v1.4 Define keys (HO)

(/usr/share/texlive/texmf-dist/tex/generic/oberdiek/ltxcmds.sty
Package: ltxcmds 2016/05/16 v1.23 LaTeX kernel commands for general use (HO)
)))
(/usr/share/texlive/texmf-dist/tex/latex/oberdiek/kvoptions.sty
Package: kvoptions 2016/05/16 v3.12 Key value format for package options (HO)

(/usr/share/texlive/texmf-dist/tex/generic/oberdiek/kvsetkeys.sty
Package: kvsetkeys 2016/05/16 v1.17 Key value parser (HO)

(/usr/share/texlive/texmf-dist/tex/generic/oberdiek/etexcmds.sty
Package: etexcmds 2016/05/16 v1.6 Avoid name clashes with e-TeX commands (HO)

(/usr/share/texlive/texmf-dist/tex/generic/oberdiek/ifluatex.sty
Package: ifluatex 2016/05/16 v1.4 Provides the ifluatex switch (HO)
Package ifluatex Info: LuaTeX not detected.
))))
(/usr/share/texlive/texmf-dist/tex/generic/oberdiek/pdftexcmds.sty
Package: pdftexcmds 2018/09/10 v0.29 Utility functions of pdfTeX for LuaTeX (HO
)

(/usr/share/texlive/texmf-dist/tex/generic/oberdiek/ifpdf.sty
Package: ifpdf 2018/09/07 v3.3 Provides the ifpdf switch
)
Package pdftexcmds Info: LuaTeX not detected.
Package pdftexcmds Info: \pdf@primitive is available.
Package pdftexcmds Info: \pdf@ifprimitive is available.
Package pdftexcmds Info: \pdfdraftmode found.
)
Package epstopdf-base Info: Redefining graphics rule for `.eps' on input line 4
38.
Package grfext Info: Graphics extension search list:
(grfext)             [.pdf,.png,.jpg,.mps,.jpeg,.jbig2,.jb2,.PDF,.PNG,.JPG,.JPE
G,.JBIG2,.JB2,.eps]
(grfext)             \AppendGraphicsExtensions on input line 456.

(/usr/share/texlive/texmf-dist/tex/latex/latexconfig/epstopdf-sys.cfg
File: epstopdf-sys.cfg 2010/07/13 v1.3 Configuration of (r)epstopdf for TeX Liv
e
))
Package lastpage Info: Please have a look at the pageslts package at
(lastpage)             https://www.ctan.org/pkg/pageslts
(lastpage)             ! on input line 30.
LaTeX Font Info:    External font `cmex10' loaded for size
(Font)              <17.28> on input line 36.
LaTeX Font Info:    External font `cmex10' loaded for size
(Font)              <12> on input line 36.
LaTeX Font Info:    External font `cmex10' loaded for size
(Font)              <8> on input line 36.
LaTeX Font Info:    External font `cmex10' loaded for size
(Font)              <6> on input line 36.


LaTeX Warning: No \author given.

<Picture1.png, id=1, 542.025pt x 357.58594pt>
File: Picture1.png Graphic file (type png)
<use Picture1.png>
Package pdftex.def Info: Picture1.png  used on input line 48.
(pdftex.def)             Requested size: 113.81102pt x 75.07889pt.

Package Fancyhdr Warning: \headheight is too small (12.0pt): 
Make it at least 21.77342pt.
We now make it that large for the rest of the document.
This may cause the page layout to be inconsistent, however.

<Picture2.png, id=2, 301.8778pt x 47.42719pt>
File: Picture2.png Graphic file (type png)
<use Picture2.png>
Package pdftex.def Info: Picture2.png  used on input line 48.
(pdftex.def)             Requested size: 227.62204pt x 35.76062pt.
[1{/var/lib/texmf/fonts/map/pdftex/updmap/pdftex.map}

 <./Picture1.png (PNG copy)> <./Picture2.png>]
<completeza_dos_dados.png, id=13, 710.4141pt x 122.859pt>
File: completeza_dos_dados.png Graphic file (type png)
<use completeza_dos_dados.png>
Package pdftex.def Info: completeza_dos_dados.png  used on input line 55.
(pdftex.def)             Requested size: 413.99895pt x 71.59569pt.

Overfull \hbox (68.99895pt too wide) in paragraph at lines 55--56
 [][] 
 []

LaTeX Font Info:    External font `cmex10' loaded for size
(Font)              <7> on input line 60.
LaTeX Font Info:    External font `cmex10' loaded for size
(Font)              <5> on input line 60.

! Package inputenc Error: Unicode character ° (U+00B0)
(inputenc)                not set up for use with LaTeX.

See the inputenc package documentation for explanation.
Type  H <return>  for immediate help.
 ...                                              
                                                  
l.60 ...tabular{events-2023-06-01-IT_virgulas.csv}
                                                  
? 

! Package inputenc Error: Unicode character ° (U+00B0)
(inputenc)                not set up for use with LaTeX.

See the inputenc package documentation for explanation.
Type  H <return>  for immediate help.
 ...                                              
                                                  
l.60 ...tabular{events-2023-06-01-IT_virgulas.csv}
                                                  
? 
! Missing $ inserted.
<inserted text> 
                $
l.60 ...tabular{events-2023-06-01-IT_virgulas.csv}
                                                  
? 
! Extra }, or forgotten $.
<template> \unskip \hfil }
                          \hskip \tabcolsep \hskip -.5\arrayrulewidth \vrule...
l.60 ...tabular{events-2023-06-01-IT_virgulas.csv}
                                                  
? 
! Missing $ inserted.
<inserted text> 
                $
l.60 ...tabular{events-2023-06-01-IT_virgulas.csv}
                                                  
? 
! Missing } inserted.
<inserted text> 
                }
l.60 ...tabular{events-2023-06-01-IT_virgulas.csv}
                                                  
? 
! Missing $ inserted.
<inserted text> 
                $
l.60 ...tabular{events-2023-06-01-IT_virgulas.csv}
                                                  
? 
! Extra }, or forgotten $.
<template> \unskip \hfil }
                          \hskip \tabcolsep \hskip -.5\arrayrulewidth \vrule...
l.60 ...tabular{events-2023-06-01-IT_virgulas.csv}
                                                  
? 
! Missing $ inserted.
<inserted text> 
                $
l.60 ...tabular{events-2023-06-01-IT_virgulas.csv}
                                                  
? 
! Missing } inserted.
<inserted text> 
                }
l.60 ...tabular{events-2023-06-01-IT_virgulas.csv}
                                                  
? 
! Missing $ inserted.
<inserted text> 
                $
l.60 ...tabular{events-2023-06-01-IT_virgulas.csv}
                                                  
? 
! Extra }, or forgotten $.
<template> \unskip \hfil }
                          \hskip \tabcolsep \hskip -.5\arrayrulewidth \vrule...
l.60 ...tabular{events-2023-06-01-IT_virgulas.csv}
                                                  
? 
! Missing $ inserted.
<inserted text> 
                $
l.60 ...tabular{events-2023-06-01-IT_virgulas.csv}
                                                  
? 
! Missing } inserted.
<inserted text> 
                }
l.60 ...tabular{events-2023-06-01-IT_virgulas.csv}
                                                  
? 
! Missing $ inserted.
<inserted text> 
                $
l.60 ...tabular{events-2023-06-01-IT_virgulas.csv}
                                                  
? 
! Extra }, or forgotten $.
<template> \unskip \hfil }
                          \hskip \tabcolsep \hskip -.5\arrayrulewidth \vrule...
l.60 ...tabular{events-2023-06-01-IT_virgulas.csv}
                                                  
? 
! Missing $ inserted.
<inserted text> 
                $
l.60 ...tabular{events-2023-06-01-IT_virgulas.csv}
                                                  
? 
! Missing } inserted.
<inserted text> 
                }
l.60 ...tabular{events-2023-06-01-IT_virgulas.csv}
                                                  
? 
! Missing $ inserted.
<inserted text> 
                $
l.60 ...tabular{events-2023-06-01-IT_virgulas.csv}
                                                  
? 
! Extra }, or forgotten $.
<template> \unskip \hfil }
                          \hskip \tabcolsep \hskip -.5\arrayrulewidth \vrule...
l.60 ...tabular{events-2023-06-01-IT_virgulas.csv}
                                                  
? 
! Missing $ inserted.
<inserted text> 
                $
l.60 ...tabular{events-2023-06-01-IT_virgulas.csv}
                                                  
? 
! Missing } inserted.
<inserted text> 
                }
l.60 ...tabular{events-2023-06-01-IT_virgulas.csv}
                                                  
? 
! Missing $ inserted.
<inserted text> 
                $
l.60 ...tabular{events-2023-06-01-IT_virgulas.csv}
                                                  
? 
! Extra }, or forgotten $.
<template> \unskip \hfil }
                          \hskip \tabcolsep \hskip -.5\arrayrulewidth \vrule...
l.60 ...tabular{events-2023-06-01-IT_virgulas.csv}
                                                  
? 
! Missing $ inserted.
<inserted text> 
                $
l.60 ...tabular{events-2023-06-01-IT_virgulas.csv}
                                                  
? 
! Missing } inserted.
<inserted text> 
                }
l.60 ...tabular{events-2023-06-01-IT_virgulas.csv}
                                                  
? 
! Missing $ inserted.
<inserted text> 
                $
l.60 ...tabular{events-2023-06-01-IT_virgulas.csv}
                                                  
? 
! Extra }, or forgotten $.
<template> \unskip \hfil }
                          \hskip \tabcolsep \hskip -.5\arrayrulewidth \vrule...
l.60 ...tabular{events-2023-06-01-IT_virgulas.csv}
                                                  
? 
! Missing $ inserted.
<inserted text> 
                $
l.60 ...tabular{events-2023-06-01-IT_virgulas.csv}
                                                  
? 
! Missing } inserted.
<inserted text> 
                }
l.60 ...tabular{events-2023-06-01-IT_virgulas.csv}
                                                  
? 
! Missing $ inserted.
<inserted text> 
                $
l.60 ...tabular{events-2023-06-01-IT_virgulas.csv}
                                                  
? 
! Extra }, or forgotten $.
<template> \unskip \hfil }
                          \hskip \tabcolsep \hskip -.5\arrayrulewidth \vrule...
l.60 ...tabular{events-2023-06-01-IT_virgulas.csv}
                                                  
? 
! Missing $ inserted.
<inserted text> 
                $
l.60 ...tabular{events-2023-06-01-IT_virgulas.csv}
                                                  
? 
! Missing } inserted.
<inserted text> 
                }
l.60 ...tabular{events-2023-06-01-IT_virgulas.csv}
                                                  
? 
! Missing $ inserted.
<inserted text> 
                $
l.60 ...tabular{events-2023-06-01-IT_virgulas.csv}
                                                  
? 
! Extra }, or forgotten $.
<template> \unskip \hfil }
                          \hskip \tabcolsep \hskip -.5\arrayrulewidth \vrule...
l.60 ...tabular{events-2023-06-01-IT_virgulas.csv}
                                                  
? 
! Missing $ inserted.
<inserted text> 
                $
l.60 ...tabular{events-2023-06-01-IT_virgulas.csv}
                                                  
? 
! Missing } inserted.
<inserted text> 
                }
l.60 ...tabular{events-2023-06-01-IT_virgulas.csv}
                                                  
? 
! Missing $ inserted.
<inserted text> 
                $
l.60 ...tabular{events-2023-06-01-IT_virgulas.csv}
                                                  
? 
! Extra }, or forgotten $.
<template> \unskip \hfil }
                          \hskip \tabcolsep \hskip -.5\arrayrulewidth \vrule...
l.60 ...tabular{events-2023-06-01-IT_virgulas.csv}
                                                  
? 
! Missing $ inserted.
<inserted text> 
                $
l.60 ...tabular{events-2023-06-01-IT_virgulas.csv}
                                                  
? 
! Missing } inserted.
<inserted text> 
                }
l.60 ...tabular{events-2023-06-01-IT_virgulas.csv}
                                                  
? 
! Missing $ inserted.
<inserted text> 
                $
l.60 ...tabular{events-2023-06-01-IT_virgulas.csv}
                                                  
? 
! Extra }, or forgotten $.
<template> \unskip \hfil }
                          \hskip \tabcolsep \hskip -.5\arrayrulewidth \vrule...
l.60 ...tabular{events-2023-06-01-IT_virgulas.csv}
                                                  
? 
! Missing $ inserted.
<inserted text> 
                $
l.60 ...tabular{events-2023-06-01-IT_virgulas.csv}
                                                  
? 
! Missing } inserted.
<inserted text> 
                }
l.60 ...tabular{events-2023-06-01-IT_virgulas.csv}
                                                  
? 
! Missing $ inserted.
<inserted text> 
                $
l.60 ...tabular{events-2023-06-01-IT_virgulas.csv}
                                                  
? 
! Extra }, or forgotten $.
<template> \unskip \hfil }
                          \hskip \tabcolsep \hskip -.5\arrayrulewidth \vrule...
l.60 ...tabular{events-2023-06-01-IT_virgulas.csv}
                                                  
? 
! Missing $ inserted.
<inserted text> 
                $
l.60 ...tabular{events-2023-06-01-IT_virgulas.csv}
                                                  
? 
! Missing } inserted.
<inserted text> 
                }
l.60 ...tabular{events-2023-06-01-IT_virgulas.csv}
                                                  
? 
! Missing $ inserted.
<inserted text> 
                $
l.60 ...tabular{events-2023-06-01-IT_virgulas.csv}
                                                  
? 
! Extra }, or forgotten $.
<template> \unskip \hfil }
                          \hskip \tabcolsep \hskip -.5\arrayrulewidth \vrule...
l.60 ...tabular{events-2023-06-01-IT_virgulas.csv}
                                                  
? 
! Missing $ inserted.
<inserted text> 
                $
l.60 ...tabular{events-2023-06-01-IT_virgulas.csv}
                                                  
? 
! Missing } inserted.
<inserted text> 
                }
l.60 ...tabular{events-2023-06-01-IT_virgulas.csv}
                                                  
? 
! Missing $ inserted.
<inserted text> 
                $
l.60 ...tabular{events-2023-06-01-IT_virgulas.csv}
                                                  
? 
! Extra }, or forgotten $.
<template> \unskip \hfil }
                          \hskip \tabcolsep \hskip -.5\arrayrulewidth \vrule...
l.60 ...tabular{events-2023-06-01-IT_virgulas.csv}
                                                  
? 
! Missing $ inserted.
<inserted text> 
                $
l.60 ...tabular{events-2023-06-01-IT_virgulas.csv}
                                                  
? 
! Missing } inserted.
<inserted text> 
                }
l.60 ...tabular{events-2023-06-01-IT_virgulas.csv}
                                                  
? 

Overfull \hbox (244.94583pt too wide) in paragraph at lines 60--61
[] 
 []

File: Picture1.png Graphic file (type png)
<use Picture1.png>
Package pdftex.def Info: Picture1.png  used on input line 64.
(pdftex.def)             Requested size: 113.81102pt x 75.07889pt.
File: Picture2.png Graphic file (type png)
<use Picture2.png>
Package pdftex.def Info: Picture2.png  used on input line 64.
(pdftex.def)             Requested size: 227.62204pt x 35.76062pt.
[2 <./completeza_dos_dados.png>] 
AED: lastpage setting LastPage
File: Picture1.png Graphic file (type png)
<use Picture1.png>
Package pdftex.def Info: Picture1.png  used on input line 71.
(pdftex.def)             Requested size: 113.81102pt x 75.07889pt.
File: Picture2.png Graphic file (type png)
<use Picture2.png>
Package pdftex.def Info: Picture2.png  used on input line 71.
(pdftex.def)             Requested size: 227.62204pt x 35.76062pt.
[3] (./bs_uhmc.aux) ) 
Here is how much of TeX's memory you used:
 12779 strings out of 492615
 246386 string characters out of 6131391
 414598 words of memory out of 5000000
 16631 multiletter control sequences out of 15000+600000
 537563 words of font info for 41 fonts, out of 8000000 for 9000
 1141 hyphenation exceptions out of 8191
 41i,14n,63p,773b,387s stack positions out of 5000i,500n,10000p,200000b,80000s
</usr/share/texlive/texmf-dist/fonts/type1/public/amsfonts
/cm/cmbx12.pfb></usr/share/texlive/texmf-dist/fonts/type1/public/amsfonts/cm/cm
r10.pfb></usr/share/texlive/texmf-dist/fonts/type1/public/amsfonts/cm/cmr12.pfb
></usr/share/texlive/texmf-dist/fonts/type1/public/amsfonts/cm/cmr7.pfb></usr/s
hare/texlive/texmf-dist/fonts/type1/public/amsfonts/cm/cmti10.pfb>
Output written on bs_uhmc.pdf (3 pages, 236296 bytes).
PDF statistics:
 40 PDF objects out of 1000 (max. 8388607)
 24 compressed objects within 1 object stream
 0 named destinations out of 1000 (max. 500000)
 16 words of extra memory for PDF output out of 10000 (max. 10000000)

